<?xml version="1.0" encoding="UTF-8"?>
<testng-results skipped="0" failed="0" ignored="0" total="2" passed="2">
  <reporter-output>
  </reporter-output>
  <suite name="Default suite" duration-ms="2254" started-at="2022-07-17T01:28:22 ICT" finished-at="2022-07-17T01:28:24 ICT">
    <groups>
    </groups>
    <test name="Default test" duration-ms="2254" started-at="2022-07-17T01:28:22 ICT" finished-at="2022-07-17T01:28:24 ICT">
      <class name="com.centurion.api.test.ListenGuidelineTest">
        <test-method status="PASS" signature="initData()[pri:0, instance:com.centurion.api.test.ListenGuidelineTest@71bbf57e]" name="initData" is-config="true" duration-ms="31" started-at="2022-07-17T01:28:22 ICT" finished-at="2022-07-17T01:28:22 ICT">
          <reporter-output>
          </reporter-output>
        </test-method> <!-- initData -->
        <test-method status="PASS" signature="checkApiFindByPropties()[pri:0, instance:com.centurion.api.test.ListenGuidelineTest@71bbf57e]" name="checkApiFindByPropties" duration-ms="2194" started-at="2022-07-17T01:28:22 ICT" finished-at="2022-07-17T01:28:24 ICT">
          <reporter-output>
          </reporter-output>
        </test-method> <!-- checkApiFindByPropties -->
        <test-method status="PASS" signature="testFindByProperties()[pri:0, instance:com.centurion.api.test.ListenGuidelineTest@71bbf57e]" name="testFindByProperties" duration-ms="1" started-at="2022-07-17T01:28:24 ICT" finished-at="2022-07-17T01:28:24 ICT">
          <reporter-output>
          </reporter-output>
        </test-method> <!-- testFindByProperties -->
      </class> <!-- com.centurion.api.test.ListenGuidelineTest -->
    </test> <!-- Default test -->
  </suite> <!-- Default suite -->
</testng-results>
