<?xml version="1.0" encoding="UTF-8"?>
<testng-results skipped="0" failed="0" ignored="0" total="1" passed="1">
  <reporter-output>
  </reporter-output>
  <suite name="Default suite" duration-ms="2298" started-at="2022-07-14T20:50:50 ICT" finished-at="2022-07-14T20:50:52 ICT">
    <groups>
    </groups>
    <test name="Default test" duration-ms="2298" started-at="2022-07-14T20:50:50 ICT" finished-at="2022-07-14T20:50:52 ICT">
      <class name="com.centurion.tests.ListenGuidelineTest">
        <test-method status="PASS" signature="testFindByProperties()[pri:0, instance:com.centurion.tests.ListenGuidelineTest@76707e36]" name="testFindByProperties" duration-ms="2263" started-at="2022-07-14T20:50:50 ICT" finished-at="2022-07-14T20:50:52 ICT">
          <reporter-output>
          </reporter-output>
        </test-method> <!-- testFindByProperties -->
      </class> <!-- com.centurion.tests.ListenGuidelineTest -->
    </test> <!-- Default test -->
  </suite> <!-- Default suite -->
</testng-results>
