<?xml version="1.0" encoding="UTF-8"?>
<testng-results skipped="0" failed="0" ignored="0" total="2" passed="2">
  <reporter-output>
  </reporter-output>
  <suite name="Default suite" duration-ms="2814" started-at="2022-07-11T13:06:41 ICT" finished-at="2022-07-11T13:06:44 ICT">
    <groups>
    </groups>
    <test name="Default test" duration-ms="2814" started-at="2022-07-11T13:06:41 ICT" finished-at="2022-07-11T13:06:44 ICT">
      <class name="com.centurion.tests.LoginTest">
        <test-method status="PASS" signature="checkFindRoleByUser()[pri:0, instance:com.centurion.tests.LoginTest@23d2a7e8]" name="checkFindRoleByUser" duration-ms="2698" started-at="2022-07-11T13:06:41 ICT" finished-at="2022-07-11T13:06:43 ICT">
          <reporter-output>
          </reporter-output>
        </test-method> <!-- checkFindRoleByUser -->
        <test-method status="PASS" signature="checkIsUserExist()[pri:0, instance:com.centurion.tests.LoginTest@23d2a7e8]" name="checkIsUserExist" duration-ms="51" started-at="2022-07-11T13:06:43 ICT" finished-at="2022-07-11T13:06:44 ICT">
          <reporter-output>
          </reporter-output>
        </test-method> <!-- checkIsUserExist -->
      </class> <!-- com.centurion.tests.LoginTest -->
    </test> <!-- Default test -->
  </suite> <!-- Default suite -->
</testng-results>
