<?xml version="1.0" encoding="UTF-8"?>
<!-- Generated by org.testng.reporters.JUnitXMLReporter -->
<testsuite hostname="Admin" ignored="0" name="Default test" tests="2" failures="0" timestamp="2022-07-17T01:28:24 ICT" time="2.254" errors="0">
  <testcase name="checkApiFindByPropties" time="2.194" classname="com.centurion.api.test.ListenGuidelineTest"/>
  <testcase name="testFindByProperties" time="0.001" classname="com.centurion.api.test.ListenGuidelineTest"/>
</testsuite> <!-- Default test -->
