<?xml version="1.0" encoding="UTF-8"?>
<testng-results skipped="0" failed="0" ignored="0" total="1" passed="1">
  <reporter-output>
  </reporter-output>
  <suite name="Default suite" duration-ms="2749" started-at="2022-06-27T15:27:17 ICT" finished-at="2022-06-27T15:27:20 ICT">
    <groups>
    </groups>
    <test name="Default test" duration-ms="2749" started-at="2022-06-27T15:27:17 ICT" finished-at="2022-06-27T15:27:20 ICT">
      <class name="com.centurion.core.test.RoleTest">
        <test-method status="PASS" signature="checkSaveRole()[pri:0, instance:com.centurion.core.test.RoleTest@30b8a058]" name="checkSaveRole" duration-ms="2707" started-at="2022-06-27T15:27:17 ICT" finished-at="2022-06-27T15:27:20 ICT">
          <reporter-output>
          </reporter-output>
        </test-method> <!-- checkSaveRole -->
      </class> <!-- com.centurion.core.test.RoleTest -->
    </test> <!-- Default test -->
  </suite> <!-- Default suite -->
</testng-results>
